set appinfo ON
set appinfo "SQL*Plus"
set arraysize 15
set autocommit OFF
set autoprint OFF
set autorecovery OFF
set autotrace OFF
set blockterminator "."
set cmdsep OFF
set colsep " "
set compatibility NATIVE
set concat "."
set copycommit 0
set copytypecheck ON
set define "&"
set describe DEPTH 1 LINENUM OFF INDENT ON
set markup HTML OFF SPOOL OFF ENTMAP ON PRE OFF
set echo OFF
set editfile "afiedt.buf"
set embedded OFF
set endbuftoken ""
set escape OFF
set feedback 6
set flagger OFF
set flush ON
set heading ON
set headsep "|"
set linesize 100
set logsource ""
set long 80
set longchunksize 80
set newpage 1
set null ""
set numformat ""
set numwidth 10
set pagesize 20
set pause OFF
set recsep WRAP
set recsepchar "-"
set serveroutput OFF
set shiftinout invisible
set showmode OFF
set sqlblanklines OFF
set sqlcase MIXED
set sqlcontinue "> "
set sqlnumber ON
set sqlprefix "#"
set sqlprompt "yeth masther> "
set sqlterminator ";"
set suffix "sql"
set tab ON
set termout ON
set time OFF
set timing ON
set trimout ON
set trimspool OFF
set underline "+"
set verify ON
set wrap OFF
