Log started: Sat Jan 13 20:49:03 2007
Log started: Sat Jan 13 20:49:34 2007
Log started: Sat Jan 13 20:49:55 2007
A basic message, level 1
Another debugging message, level 10
Log started: Sun Jan 14 10:59:03 2007
A basic message, level 1
Another debugging message, level 10
Log started: Sun Jan 14 16:33:53 2007
A basic message
Another debugging message
Log started: Sun Feb 25 13:42:21 2007
A basic message, level 1
Another debugging message, level 10
Log started: Sun Feb 25 13:46:54 2007
A basic message
Another debugging message
Log started: Sat Mar 17 11:40:14 2007
A basic message, level 1
Another debugging message, level 10
Log started: Sat Mar 17 11:40:31 2007
A basic message, level 1
Another debugging message, level 10
Log started: Sat Mar 17 11:47:15 2007
A basic message, level 1
Another debugging message, level 10
Log started: Sat Mar 17 11:47:41 2007
A basic message, level 1
Another debugging message, level 10
Log started: Sat Mar 17 11:55:00 2007
A basic message, level 1
Another debugging message, level 10
Log started: Sat Mar 17 14:08:05 2007
A basic message, level 1
Another debugging message, level 10
Log started: Sat Mar 17 14:08:19 2007
A basic message
Another debugging message
Log started: Mon Apr  7 06:47:42 2008
A basic message, level 1
Another debugging message, level 10
Log started: Mon Apr  7 06:47:47 2008
A basic message
Another debugging message
